\BOOKMARK [1][-]{section.1}{\376\377\000I\000n\000t\000r\000o\000d\000u\000c\000c\000i\000\363\000n\000.}{}% 1
\BOOKMARK [2][-]{subsection.1.1}{\376\377\000L\000i\000s\000t\000a\000\040\000d\000e\000\040\000r\000e\000q\000u\000e\000r\000i\000m\000i\000e\000n\000t\000o\000s\000.}{section.1}% 2
\BOOKMARK [2][-]{subsection.1.2}{\376\377\000S\000o\000f\000t\000w\000a\000r\000e\000\040\000y\000\040\000h\000e\000r\000r\000a\000m\000i\000e\000n\000t\000a\000s\000\040\000d\000e\000\040\000p\000r\000o\000d\000u\000c\000c\000i\000\363\000n\000.}{section.1}% 3
\BOOKMARK [3][-]{subsubsection.1.2.1}{\376\377\000G\000o\000d\000o\000t\000\040\000v\0003\000.\0003\000.}{subsection.1.2}% 4
\BOOKMARK [3][-]{subsubsection.1.2.2}{\376\377\000T\000r\000e\000l\000l\000o\000.}{subsection.1.2}% 5
\BOOKMARK [3][-]{subsubsection.1.2.3}{\376\377\000G\000I\000T\000\040\000y\000\040\000G\000i\000t\000h\000u\000b\000.}{subsection.1.2}% 6
\BOOKMARK [3][-]{subsubsection.1.2.4}{\376\377\000G\000o\000o\000g\000l\000e\000\040\000S\000u\000i\000t\000e\000.}{subsection.1.2}% 7
\BOOKMARK [3][-]{subsubsection.1.2.5}{\376\377\000L\000a\000T\000e\000X\000.}{subsection.1.2}% 8
\BOOKMARK [3][-]{subsubsection.1.2.6}{\376\377\000A\000s\000e\000p\000r\000i\000t\000e\000.}{subsection.1.2}% 9
\BOOKMARK [3][-]{subsubsection.1.2.7}{\376\377\000K\000r\000i\000t\000a\000.}{subsection.1.2}% 10
\BOOKMARK [3][-]{subsubsection.1.2.8}{\376\377\000I\000n\000k\000s\000c\000a\000p\000e\000.}{subsection.1.2}% 11
\BOOKMARK [3][-]{subsubsection.1.2.9}{\376\377\000F\000i\000n\000a\000l\000e\000\040\0002\0000\0001\0004\000.}{subsection.1.2}% 12
\BOOKMARK [3][-]{subsubsection.1.2.10}{\376\377\000A\000b\000l\000e\000t\000o\000n\000\040\000L\000i\000v\000e\000.}{subsection.1.2}% 13
\BOOKMARK [3][-]{subsubsection.1.2.11}{\376\377\000L\000A\000M\000E\000\040\0006\0004\000b\000i\000t\000s\000.}{subsection.1.2}% 14
\BOOKMARK [3][-]{subsubsection.1.2.12}{\376\377\000F\000F\000m\000p\000e\000g\000.}{subsection.1.2}% 15
\BOOKMARK [1][-]{section.2}{\376\377\000V\000i\000s\000i\000\363\000n\000\040\000g\000e\000n\000e\000r\000a\000l\000\040\000d\000e\000l\000\040\000d\000e\000s\000a\000r\000r\000o\000l\000l\000o\000\040\000y\000\040\000p\000r\000i\000n\000c\000i\000p\000i\000o\000s\000\040\000d\000e\000l\000\040\000d\000i\000s\000e\000\361\000o\000\040\000t\000\351\000c\000n\000i\000c\000o\000.}{}% 16
\BOOKMARK [2][-]{subsection.2.1}{\376\377\000P\000r\000i\000n\000c\000i\000p\000i\000o\000s\000\040\000d\000e\000\040\000d\000i\000s\000e\000\361\000o\000\040\000T\000D\000D\000.}{section.2}% 17
\BOOKMARK [2][-]{subsection.2.2}{\376\377\000D\000e\000s\000a\000r\000r\000o\000l\000l\000o\000\040\000d\000i\000r\000i\000g\000i\000d\000o\000\040\000p\000o\000r\000\040\000t\000e\000s\000t\000s\000\040\000\050\000T\000D\000D\000\051\000.}{section.2}% 18
\BOOKMARK [2][-]{subsection.2.3}{\376\377\000R\000e\000f\000a\000c\000t\000o\000r\000i\000z\000a\000c\000i\000\363\000n\000:\000\040\000R\000e\000n\000d\000i\000m\000i\000e\000n\000t\000o\000\040\000y\000\040\000l\000i\000m\000p\000i\000e\000z\000a\000.}{section.2}% 19
\BOOKMARK [3][-]{subsubsection.2.3.1}{\376\377\000D\000o\000c\000u\000m\000e\000n\000t\000a\000c\000i\000\363\000n\000\040\000d\000e\000n\000t\000r\000o\000\040\000d\000e\000l\000\040\000c\000\363\000d\000i\000g\000o\000.}{subsection.2.3}% 20
\BOOKMARK [1][-]{section.3}{\376\377\000F\000l\000u\000j\000o\000\040\000d\000e\000\040\000t\000r\000a\000b\000a\000j\000o\000\040\000y\000\040\000c\000o\000n\000t\000r\000o\000l\000\040\000d\000e\000\040\000v\000e\000r\000s\000i\000o\000n\000e\000s\000.}{}% 21
\BOOKMARK [2][-]{subsection.3.1}{\376\377\000E\000l\000\040\000d\000o\000c\000u\000m\000e\000n\000t\000o\000\040\000d\000e\000\040\000D\000i\000s\000e\000\361\000o\000\040\000t\000\351\000c\000n\000i\000c\000o\000.}{section.3}% 22
\BOOKMARK [3][-]{subsubsection.3.1.1}{\376\377\000C\000\363\000m\000o\000\040\000u\000s\000a\000r\000\040\000e\000s\000t\000e\000\040\000d\000o\000c\000u\000m\000e\000n\000t\000o\000.}{subsection.3.1}% 23
\BOOKMARK [2][-]{subsection.3.2}{\376\377\000M\000e\000t\000o\000d\000o\000l\000o\000g\000\355\000a\000\040\000K\000a\000n\000b\000a\000n\000.}{section.3}% 24
\BOOKMARK [3][-]{subsubsection.3.2.1}{\376\377\000E\000l\000\040\000T\000a\000b\000l\000e\000r\000o\000\040\000K\000a\000n\000b\000a\000n\000.}{subsection.3.2}% 25
\BOOKMARK [3][-]{subsubsection.3.2.2}{\376\377\000L\000\355\000m\000i\000t\000e\000s\000\040\000d\000e\000\040\000t\000r\000a\000b\000a\000j\000o\000\040\000y\000\040\000c\000o\000l\000u\000m\000n\000a\000s\000\040\000a\000s\000o\000c\000i\000a\000d\000a\000s\000.}{subsection.3.2}% 26
\BOOKMARK [3][-]{subsubsection.3.2.3}{\376\377\000D\000e\000s\000c\000r\000i\000p\000c\000i\000\363\000n\000\040\000d\000e\000\040\000c\000o\000l\000u\000m\000n\000a\000s\000.}{subsection.3.2}% 27
\BOOKMARK [3][-]{subsubsection.3.2.4}{\376\377\000F\000l\000e\000x\000i\000b\000i\000l\000i\000d\000a\000d\000.}{subsection.3.2}% 28
\BOOKMARK [3][-]{subsubsection.3.2.5}{\376\377\000N\000o\000m\000b\000r\000e\000s\000\040\000d\000e\000\040\000T\000a\000r\000j\000e\000t\000a\000s\000.}{subsection.3.2}% 29
\BOOKMARK [2][-]{subsection.3.3}{\376\377\000R\000e\000p\000o\000s\000i\000t\000o\000r\000i\000o\000.}{section.3}% 30
\BOOKMARK [3][-]{subsubsection.3.3.1}{\376\377\000M\000o\000d\000e\000l\000o\000\040\000d\000e\000\040\000R\000a\000m\000a\000s\000\040\000d\000e\000\040\000f\000u\000n\000c\000i\000\363\000n\000.}{subsection.3.3}% 31
\BOOKMARK [4][-]{paragraph*.1}{\376\377\000R\000a\000m\000a\000s\000\040\000d\000e\000\040\000i\000m\000p\000l\000e\000m\000e\000n\000t\000a\000c\000i\000\363\000n\000.}{subsubsection.3.3.1}% 32
\BOOKMARK [3][-]{subsubsection.3.3.2}{\376\377\000V\000e\000r\000s\000i\000o\000n\000a\000d\000o\000\040\000y\000\040\000n\000o\000m\000b\000r\000e\000s\000\040\000s\000e\000m\000\341\000n\000t\000i\000c\000o\000s\000.}{subsection.3.3}% 33
\BOOKMARK [3][-]{subsubsection.3.3.3}{\376\377\000A\000l\000t\000e\000r\000n\000a\000t\000i\000v\000a\000s\000\040\000a\000l\000\040\000m\000o\000d\000e\000l\000o\000\040\000d\000e\000\040\000r\000a\000m\000a\000s\000\040\000d\000e\000\040\000f\000u\000n\000c\000i\000\363\000n\000.}{subsection.3.3}% 34
\BOOKMARK [3][-]{subsubsection.3.3.4}{\376\377\000C\000o\000m\000a\000n\000d\000o\000s\000\040\000d\000e\000\040\000G\000I\000T\000.}{subsection.3.3}% 35
\BOOKMARK [2][-]{subsection.3.4}{\376\377\000G\000o\000o\000g\000l\000e\000\040\000D\000r\000i\000v\000e\000.}{section.3}% 36
\BOOKMARK [1][-]{section.4}{\376\377\000I\000n\000t\000e\000r\000n\000a\000c\000i\000o\000n\000a\000l\000i\000z\000a\000c\000i\000\363\000n\000.}{}% 37
\BOOKMARK [2][-]{subsection.4.1}{\376\377\000Q\000u\000\351\000\040\000e\000n\000t\000e\000n\000d\000e\000m\000o\000s\000\040\000p\000o\000r\000\040\000i\000n\000t\000e\000r\000n\000a\000c\000i\000o\000n\000a\000l\000i\000z\000a\000c\000i\000\363\000n\000\040\000\050\000i\0001\0008\000n\000\051\000.}{section.4}% 38
\BOOKMARK [2][-]{subsection.4.2}{\376\377\000Q\000u\000\351\000\040\000e\000n\000t\000e\000n\000d\000e\000m\000o\000s\000\040\000p\000o\000r\000\040\000l\000o\000c\000a\000l\000i\000z\000a\000c\000i\000\363\000n\000\040\000\050\000l\0001\0000\000n\000\051\000.}{section.4}% 39
\BOOKMARK [2][-]{subsection.4.3}{\376\377\000I\000m\000p\000l\000e\000m\000e\000n\000t\000a\000c\000i\000\363\000n\000.}{section.4}% 40
\BOOKMARK [3][-]{subsubsection.4.3.1}{\376\377\000E\000x\000p\000l\000o\000r\000a\000c\000i\000\363\000n\000.}{subsection.4.3}% 41
\BOOKMARK [3][-]{subsubsection.4.3.2}{\376\377\000C\000o\000d\000i\000f\000i\000c\000a\000c\000i\000\363\000n\000:}{subsection.4.3}% 42
\BOOKMARK [3][-]{subsubsection.4.3.3}{\376\377\000E\000s\000t\000r\000u\000c\000t\000u\000r\000a\000\040\000d\000e\000\040\000l\000o\000s\000\040\000d\000i\000r\000e\000c\000t\000o\000r\000i\000o\000s\000\040\000d\000e\000\040\000l\0001\0000\000n\000.}{subsection.4.3}% 43
\BOOKMARK [3][-]{subsubsection.4.3.4}{\376\377\000D\000i\000a\000g\000r\000a\000m\000a\000\040\000d\000e\000l\000\040\000\341\000r\000b\000o\000l\000\040\000d\000e\000\040\000d\000i\000r\000e\000c\000t\000o\000r\000i\000o\000s\000:}{subsection.4.3}% 44
\BOOKMARK [3][-]{subsubsection.4.3.5}{\376\377\000K\000i\000t\000\040\000d\000e\000\040\000d\000e\000s\000a\000r\000r\000o\000l\000l\000o\000\040\000y\000\040\000A\000P\000I\000.}{subsection.4.3}% 45
\BOOKMARK [3][-]{subsubsection.4.3.6}{\376\377\000G\000o\000d\000o\000t\000.}{subsection.4.3}% 46
\BOOKMARK [3][-]{subsubsection.4.3.7}{\376\377\000T\000o\000m\000a\000\040\000d\000e\000\040\000d\000e\000c\000i\000s\000i\000o\000n\000e\000s\000.}{subsection.4.3}% 47
\BOOKMARK [3][-]{subsubsection.4.3.8}{\376\377\000O\000t\000r\000a\000s\000\040\000r\000e\000f\000e\000r\000e\000n\000c\000i\000a\000s\000.}{subsection.4.3}% 48
\BOOKMARK [1][-]{section.5}{\376\377\000M\000o\000d\000e\000l\000a\000d\000o\000\040\000d\000e\000l\000\040\000s\000o\000f\000t\000w\000a\000r\000e\000.}{}% 49
\BOOKMARK [2][-]{subsection.5.1}{\376\377\000A\000r\000q\000u\000i\000t\000e\000c\000t\000u\000r\000a\000.}{section.5}% 50
\BOOKMARK [2][-]{subsection.5.2}{\376\377\000S\000i\000s\000t\000e\000m\000a\000\040\000d\000e\000\040\000M\000a\000n\000a\000g\000e\000r\000s\000.}{section.5}% 51
\BOOKMARK [2][-]{subsection.5.3}{\376\377\000D\000i\000a\000g\000r\000a\000m\000a\000\040\000d\000e\000l\000\040\000s\000i\000s\000t\000e\000m\000a\000\040\000d\000e\000\040\000m\000a\000n\000a\000g\000e\000r\000s\000.}{section.5}% 52
\BOOKMARK [2][-]{subsection.5.4}{\376\377\000F\000u\000n\000c\000i\000o\000n\000a\000m\000i\000e\000n\000t\000o\000\040\000g\000e\000n\000e\000r\000a\000l\000.}{section.5}% 53
\BOOKMARK [3][-]{subsubsection.5.4.1}{\376\377\000G\000a\000m\000e\000M\000a\000n\000a\000g\000e\000r\000.}{subsection.5.4}% 54
\BOOKMARK [3][-]{subsubsection.5.4.2}{\376\377\000L\000e\000v\000e\000l\000M\000a\000n\000a\000g\000e\000r\000.}{subsection.5.4}% 55
\BOOKMARK [3][-]{subsubsection.5.4.3}{\376\377\000Q\000u\000e\000s\000t\000M\000a\000n\000a\000g\000e\000r\000.}{subsection.5.4}% 56
\BOOKMARK [3][-]{subsubsection.5.4.4}{\376\377\000C\000u\000t\000s\000c\000e\000n\000e\000M\000a\000n\000a\000g\000e\000r\000.}{subsection.5.4}% 57
\BOOKMARK [3][-]{subsubsection.5.4.5}{\376\377\000P\000l\000a\000y\000e\000r\000M\000a\000n\000a\000g\000e\000r\000.}{subsection.5.4}% 58
\BOOKMARK [3][-]{subsubsection.5.4.6}{\376\377\000I\000A\000M\000a\000n\000a\000g\000e\000r\000.}{subsection.5.4}% 59
\BOOKMARK [3][-]{subsubsection.5.4.7}{\376\377\000U\000I\000M\000a\000n\000a\000g\000e\000r\000.}{subsection.5.4}% 60
\BOOKMARK [3][-]{subsubsection.5.4.8}{\376\377\000A\000u\000d\000i\000o\000M\000a\000n\000a\000g\000e\000r\000.}{subsection.5.4}% 61
\BOOKMARK [3][-]{subsubsection.5.4.9}{\376\377\000D\000e\000b\000u\000g\000M\000a\000n\000a\000g\000e\000r\000.}{subsection.5.4}% 62
\BOOKMARK [3][-]{subsubsection.5.4.10}{\376\377\000O\000t\000r\000o\000s\000\040\000m\000a\000n\000a\000g\000e\000r\000s\000.}{subsection.5.4}% 63
\BOOKMARK [2][-]{subsection.5.5}{\376\377\000O\000t\000r\000a\000s\000\040\000c\000o\000n\000s\000i\000d\000e\000r\000a\000c\000i\000o\000n\000e\000s\000.}{section.5}% 64
\BOOKMARK [3][-]{subsubsection.5.5.1}{\376\377\000P\000l\000a\000n\000t\000i\000l\000l\000a\000s\000.}{subsection.5.5}% 65
\BOOKMARK [1][-]{section.6}{\376\377\000I\000n\000p\000u\000t\000/\000O\000u\000t\000p\000u\000t\000.}{}% 66
\BOOKMARK [1][-]{section.7}{\376\377\000O\000r\000g\000a\000n\000i\000z\000a\000c\000i\000\363\000n\000\040\000d\000e\000l\000\040\000p\000r\000o\000y\000e\000c\000t\000o\000.}{}% 67
\BOOKMARK [2][-]{subsection.7.1}{\376\377\000\301\000r\000b\000o\000l\000\040\000d\000e\000\040\000d\000i\000r\000e\000c\000t\000o\000r\000i\000o\000s\000.}{section.7}% 68
\BOOKMARK [2][-]{subsection.7.2}{\376\377\000N\000o\000m\000b\000r\000e\000s\000\040\000d\000e\000\040\000a\000r\000c\000h\000i\000v\000o\000s\000.}{section.7}% 69
\BOOKMARK [2][-]{subsection.7.3}{\376\377\000N\000o\000m\000b\000r\000e\000s\000\040\000d\000e\000\040\000r\000a\000m\000a\000s\000\040\000y\000\040\000t\000a\000r\000j\000e\000t\000a\000s\000.}{section.7}% 70
\BOOKMARK [1][-]{section.8}{\376\377\000K\000i\000t\000\040\000d\000e\000\040\000d\000e\000s\000a\000r\000r\000o\000l\000l\000o\000\040\000d\000e\000\040\000s\000o\000f\000t\000w\000a\000r\000e\000.}{}% 71
\BOOKMARK [2][-]{subsection.8.1}{\376\377\000E\000l\000e\000m\000e\000n\000t\000o\000s\000\040\000n\000a\000r\000r\000a\000t\000i\000v\000o\000s\000.}{section.8}% 72
\BOOKMARK [3][-]{subsubsection.8.1.1}{\376\377\000T\000e\000x\000t\000o\000s\000\040\000v\000a\000r\000i\000o\000s\000.}{subsection.8.1}% 73
\BOOKMARK [3][-]{subsubsection.8.1.2}{\376\377\000F\000i\000c\000h\000a\000s\000\040\000d\000e\000\040\000p\000e\000r\000s\000o\000n\000a\000j\000e\000.}{subsection.8.1}% 74
\BOOKMARK [3][-]{subsubsection.8.1.3}{\376\377\000C\000u\000t\000s\000c\000e\000n\000e\000s\000\040\000y\000\040\000d\000i\000\341\000l\000o\000g\000o\000s\000.}{subsection.8.1}% 75
\BOOKMARK [3][-]{subsubsection.8.1.4}{\376\377\000Q\000u\000e\000s\000t\000s\000.}{subsection.8.1}% 76
\BOOKMARK [2][-]{subsection.8.2}{\376\377\000E\000l\000e\000m\000e\000n\000t\000o\000s\000\040\000d\000e\000\040\000m\000e\000c\000\341\000n\000i\000c\000a\000s\000\040\000d\000e\000\040\000j\000u\000g\000a\000b\000i\000l\000i\000d\000a\000d\000.}{section.8}% 77
\BOOKMARK [3][-]{subsubsection.8.2.1}{\376\377\000E\000s\000t\000a\000d\000\355\000s\000t\000i\000c\000a\000s\000\040\000d\000e\000l\000\040\000j\000u\000g\000a\000d\000o\000r\000.}{subsection.8.2}% 78
\BOOKMARK [3][-]{subsubsection.8.2.2}{\376\377\000A\000r\000m\000a\000s\000,\000\040\000e\000q\000u\000i\000p\000a\000m\000i\000e\000n\000t\000o\000\040\000e\000\040\000\355\000t\000e\000m\000s\000.}{subsection.8.2}% 79
\BOOKMARK [3][-]{subsubsection.8.2.3}{\376\377\000P\000e\000r\000s\000o\000n\000a\000j\000e\000s\000.}{subsection.8.2}% 80
\BOOKMARK [3][-]{subsubsection.8.2.4}{\376\377\000L\000o\000c\000a\000c\000i\000o\000n\000e\000s\000\040\000o\000\040\000n\000i\000v\000e\000l\000e\000s\000.}{subsection.8.2}% 81
\BOOKMARK [2][-]{subsection.8.3}{\376\377\000T\000r\000a\000d\000u\000c\000c\000i\000\363\000n\000.}{section.8}% 82
\BOOKMARK [2][-]{subsection.8.4}{\376\377\000L\000i\000n\000e\000a\000m\000i\000e\000n\000t\000o\000s\000\040\000d\000e\000l\000\040\000s\000o\000f\000t\000w\000a\000r\000e\000\040\000d\000e\000l\000\040\000K\000i\000t\000.}{section.8}% 83
\BOOKMARK [1][-]{section.9}{\376\377\000O\000p\000t\000i\000m\000i\000z\000a\000c\000i\000\363\000n\000.}{}% 84
